2021-03-25 15:30:38,113 [INFO] Activator:170 - 


2021-03-25 15:30:38,123 [INFO] Activator:171 - !SESSION log4j initialized
2021-03-25 15:34:00,911 [INFO] Activator:170 - 


2021-03-25 15:34:00,918 [INFO] Activator:171 - !SESSION log4j initialized
2021-03-25 15:39:14,115 [INFO] McuFinderGlobals:39 - Set McuFinder mode to 2 (CubeIDE integrated)
2021-03-25 15:39:19,641 [INFO] ApplicationProperties:181 - Using Application install path: C:\ST\STM32CubeIDE_1.6.0\STM32CubeIDE\plugins\com.st.stm32cube.common.mx_6.2.0.202102191602
2021-03-25 15:39:19,698 [INFO] DbMcusXml:74 - Set database path to: C:\ST\STM32CubeIDE_1.6.0\STM32CubeIDE\plugins\com.st.stm32cube.common.mx_6.2.0.202102191602\\db\/mcu/
2021-03-25 15:39:19,719 [INFO] DbBoardsPdsc:56 - Set plugin database path to: C:\ST\STM32CubeIDE_1.6.0\STM32CubeIDE\plugins\com.st.stm32cube.common.mx_6.2.0.202102191602\\db\/plugins/boardmanager/
2021-03-25 15:39:19,720 [INFO] DbMcus:258 - Set plugin images path to: C:\ST\STM32CubeIDE_1.6.0\STM32CubeIDE\plugins\com.st.stm32cube.common.mx_6.2.0.202102191602\\db\/plugins/mcufinder/images/
2021-03-25 15:39:19,721 [INFO] DbBoards:264 - Set plugin images path to: C:\ST\STM32CubeIDE_1.6.0\STM32CubeIDE\plugins\com.st.stm32cube.common.mx_6.2.0.202102191602\\db\/plugins/mcufinder/images/
2021-03-25 15:39:19,738 [INFO] DbExamples:333 - Set plugin images path to: C:\ST\STM32CubeIDE_1.6.0\STM32CubeIDE\plugins\com.st.stm32cube.common.mx_6.2.0.202102191602\\db\/plugins/mcufinder/images/
2021-03-25 15:39:19,799 [INFO] DbMcusAds:85 - Set database path to: C:\Users\sungt\.stmcufinder\plugins\mcufinder//mcu/
2021-03-25 15:39:19,803 [INFO] DbMcusDocs:110 - Set database path to: C:\Users\sungt\.stmcufinder\plugins\mcufinder//mcu/
2021-03-25 15:39:19,810 [INFO] DbMcusJson:65 - Set database path to: C:\Users\sungt\.stmcufinder\plugins\mcufinder//mcu/
2021-03-25 15:39:19,814 [INFO] DbBoardsDocs:110 - Set database path to: C:\Users\sungt\.stmcufinder\plugins\mcufinder//mcu/
2021-03-25 15:39:19,821 [INFO] DbBoardsJson:58 - Set database path to: C:\Users\sungt\.stmcufinder\plugins\mcufinder//mcu/
2021-03-25 15:39:19,879 [INFO] CrossReferenceDbSqlite:196 - Set database path to: C:\Users\sungt\.stmcufinder\plugins\mcufinder//mcu/cs/
2021-03-25 15:39:19,890 [INFO] DbExamplesSqlite:690 - Set database path to: C:\Users\sungt\.stmcufinder\plugins\mcufinder//mcu/
2021-03-25 15:39:20,423 [INFO] RulesReader:52 - Compatibility file has been processed (237 Rules)
2021-03-25 15:39:21,233 [INFO] MicroXplorer:622 - Detected Java Version = 11.0.9.1
2021-03-25 15:39:21,236 [INFO] DbMcusXml:74 - Set database path to: C:\ST\STM32CubeIDE_1.6.0\STM32CubeIDE\plugins\com.st.stm32cube.common.mx_6.2.0.202102191602\\db\/mcu/
2021-03-25 15:39:21,237 [INFO] DbBoardsPdsc:56 - Set plugin database path to: C:\ST\STM32CubeIDE_1.6.0\STM32CubeIDE\plugins\com.st.stm32cube.common.mx_6.2.0.202102191602\\db\/plugins/boardmanager/
2021-03-25 15:39:21,238 [INFO] DbMcus:258 - Set plugin images path to: C:\ST\STM32CubeIDE_1.6.0\STM32CubeIDE\plugins\com.st.stm32cube.common.mx_6.2.0.202102191602\\db\/plugins/mcufinder/images/
2021-03-25 15:39:21,238 [INFO] DbBoards:264 - Set plugin images path to: C:\ST\STM32CubeIDE_1.6.0\STM32CubeIDE\plugins\com.st.stm32cube.common.mx_6.2.0.202102191602\\db\/plugins/mcufinder/images/
2021-03-25 15:39:21,239 [INFO] DbExamples:333 - Set plugin images path to: C:\ST\STM32CubeIDE_1.6.0\STM32CubeIDE\plugins\com.st.stm32cube.common.mx_6.2.0.202102191602\\db\/plugins/mcufinder/images/
2021-03-25 15:39:21,239 [WARN] DbFile:35 - Overriding database path with different value: C:\Users\sungt\.stmcufinder\plugins\mcufinder/ => C:\Users\sungt\.stmcufinder\plugins\mcufinder
2021-03-25 15:39:21,240 [INFO] DbMcusAds:85 - Set database path to: C:\Users\sungt\.stmcufinder\plugins\mcufinder//mcu/
2021-03-25 15:39:21,240 [WARN] DbFile:35 - Overriding database path with different value: C:\Users\sungt\.stmcufinder\plugins\mcufinder/ => C:\Users\sungt\.stmcufinder\plugins\mcufinder
2021-03-25 15:39:21,241 [INFO] DbMcusDocs:110 - Set database path to: C:\Users\sungt\.stmcufinder\plugins\mcufinder//mcu/
2021-03-25 15:39:21,242 [WARN] DbFile:35 - Overriding database path with different value: C:\Users\sungt\.stmcufinder\plugins\mcufinder/ => C:\Users\sungt\.stmcufinder\plugins\mcufinder
2021-03-25 15:39:21,243 [INFO] DbMcusJson:65 - Set database path to: C:\Users\sungt\.stmcufinder\plugins\mcufinder//mcu/
2021-03-25 15:39:21,245 [WARN] DbFile:35 - Overriding database path with different value: C:\Users\sungt\.stmcufinder\plugins\mcufinder/ => C:\Users\sungt\.stmcufinder\plugins\mcufinder
2021-03-25 15:39:21,246 [INFO] DbBoardsDocs:110 - Set database path to: C:\Users\sungt\.stmcufinder\plugins\mcufinder//mcu/
2021-03-25 15:39:21,247 [WARN] DbFile:35 - Overriding database path with different value: C:\Users\sungt\.stmcufinder\plugins\mcufinder/ => C:\Users\sungt\.stmcufinder\plugins\mcufinder
2021-03-25 15:39:21,249 [INFO] DbBoardsJson:58 - Set database path to: C:\Users\sungt\.stmcufinder\plugins\mcufinder//mcu/
2021-03-25 15:39:21,249 [WARN] DbFile:35 - Overriding database path with different value: C:\Users\sungt\.stmcufinder\plugins\mcufinder/ => C:\Users\sungt\.stmcufinder\plugins\mcufinder
2021-03-25 15:39:21,250 [WARN] DbFile:35 - Overriding database path with different value: C:\Users\sungt\.stmcufinder\plugins\mcufinder/ => C:\Users\sungt\.stmcufinder\plugins\mcufinder
2021-03-25 15:39:21,251 [INFO] CrossReferenceDbSqlite:196 - Set database path to: C:\Users\sungt\.stmcufinder\plugins\mcufinder//mcu/cs/
2021-03-25 15:39:21,251 [WARN] DbFile:35 - Overriding database path with different value: C:\Users\sungt\.stmcufinder\plugins\mcufinder/ => C:\Users\sungt\.stmcufinder\plugins\mcufinder
2021-03-25 15:39:21,252 [INFO] DbExamplesSqlite:690 - Set database path to: C:\Users\sungt\.stmcufinder\plugins\mcufinder//mcu/
2021-03-25 15:39:21,773 [INFO] MainPanel:204 - HeapMemory: 510656512
2021-03-25 15:39:22,199 [INFO] DbMcusXml:74 - Set database path to: C:\ST\STM32CubeIDE_1.6.0\STM32CubeIDE\plugins\com.st.stm32cube.common.mx_6.2.0.202102191602\\db\/mcu/
2021-03-25 15:39:22,200 [INFO] DbBoardsPdsc:56 - Set plugin database path to: C:\ST\STM32CubeIDE_1.6.0\STM32CubeIDE\plugins\com.st.stm32cube.common.mx_6.2.0.202102191602\\db\/plugins/boardmanager/
2021-03-25 15:39:22,200 [INFO] DbMcus:258 - Set plugin images path to: C:\ST\STM32CubeIDE_1.6.0\STM32CubeIDE\plugins\com.st.stm32cube.common.mx_6.2.0.202102191602\\db\/plugins/mcufinder/images/
2021-03-25 15:39:22,201 [INFO] DbBoards:264 - Set plugin images path to: C:\ST\STM32CubeIDE_1.6.0\STM32CubeIDE\plugins\com.st.stm32cube.common.mx_6.2.0.202102191602\\db\/plugins/mcufinder/images/
2021-03-25 15:39:22,202 [INFO] DbExamples:333 - Set plugin images path to: C:\ST\STM32CubeIDE_1.6.0\STM32CubeIDE\plugins\com.st.stm32cube.common.mx_6.2.0.202102191602\\db\/plugins/mcufinder/images/
2021-03-25 15:39:22,205 [WARN] DbFile:35 - Overriding database path with different value: C:\Users\sungt\.stmcufinder\plugins\mcufinder/ => C:\Users\sungt\.stmcufinder\plugins\mcufinder
2021-03-25 15:39:22,205 [INFO] DbMcusAds:85 - Set database path to: C:\Users\sungt\.stmcufinder\plugins\mcufinder//mcu/
2021-03-25 15:39:22,206 [WARN] DbFile:35 - Overriding database path with different value: C:\Users\sungt\.stmcufinder\plugins\mcufinder/ => C:\Users\sungt\.stmcufinder\plugins\mcufinder
2021-03-25 15:39:22,207 [INFO] DbMcusDocs:110 - Set database path to: C:\Users\sungt\.stmcufinder\plugins\mcufinder//mcu/
2021-03-25 15:39:22,208 [WARN] DbFile:35 - Overriding database path with different value: C:\Users\sungt\.stmcufinder\plugins\mcufinder/ => C:\Users\sungt\.stmcufinder\plugins\mcufinder
2021-03-25 15:39:22,210 [INFO] DbMcusJson:65 - Set database path to: C:\Users\sungt\.stmcufinder\plugins\mcufinder//mcu/
2021-03-25 15:39:22,211 [WARN] DbFile:35 - Overriding database path with different value: C:\Users\sungt\.stmcufinder\plugins\mcufinder/ => C:\Users\sungt\.stmcufinder\plugins\mcufinder
2021-03-25 15:39:22,212 [INFO] DbBoardsDocs:110 - Set database path to: C:\Users\sungt\.stmcufinder\plugins\mcufinder//mcu/
2021-03-25 15:39:22,213 [WARN] DbFile:35 - Overriding database path with different value: C:\Users\sungt\.stmcufinder\plugins\mcufinder/ => C:\Users\sungt\.stmcufinder\plugins\mcufinder
2021-03-25 15:39:22,214 [INFO] DbBoardsJson:58 - Set database path to: C:\Users\sungt\.stmcufinder\plugins\mcufinder//mcu/
2021-03-25 15:39:22,215 [WARN] DbFile:35 - Overriding database path with different value: C:\Users\sungt\.stmcufinder\plugins\mcufinder/ => C:\Users\sungt\.stmcufinder\plugins\mcufinder
2021-03-25 15:39:22,218 [WARN] DbFile:35 - Overriding database path with different value: C:\Users\sungt\.stmcufinder\plugins\mcufinder/ => C:\Users\sungt\.stmcufinder\plugins\mcufinder
2021-03-25 15:39:22,220 [INFO] CrossReferenceDbSqlite:196 - Set database path to: C:\Users\sungt\.stmcufinder\plugins\mcufinder//mcu/cs/
2021-03-25 15:39:22,220 [WARN] DbFile:35 - Overriding database path with different value: C:\Users\sungt\.stmcufinder\plugins\mcufinder/ => C:\Users\sungt\.stmcufinder\plugins\mcufinder
2021-03-25 15:39:22,221 [INFO] DbExamplesSqlite:690 - Set database path to: C:\Users\sungt\.stmcufinder\plugins\mcufinder//mcu/
2021-03-25 15:39:22,333 [INFO] ApplicationProperties:181 - Using Application install path: C:\ST\STM32CubeIDE_1.6.0\STM32CubeIDE\plugins\com.st.stm32cube.common.mx_6.2.0.202102191602
2021-03-25 15:39:22,338 [INFO] PluginManage:178 - Search for loadable plugins [exclusion list=, ]
2021-03-25 15:39:22,346 [INFO] PluginManage:292 - Check plugin analytics
2021-03-25 15:39:23,966 [INFO] AnalyticsPlugin:233 - Accepted Software Licenses: STM32CubeMX.6.2.0
2021-03-25 15:39:23,968 [INFO] AnalyticsPlugin:235 - Accepted CMSIS Pack Licenses: 
2021-03-25 15:39:23,970 [INFO] AnalyticsPlugin:237 - Accepted Firmware Licenses: 
2021-03-25 15:39:23,978 [INFO] PluginManage:342 - Loaded plugin analytics (category:tool,tabindex:-1)
2021-03-25 15:39:23,984 [INFO] PluginManage:292 - Check plugin clock
2021-03-25 15:39:24,103 [INFO] PluginManage:342 - Loaded plugin clock (category:base,tabindex:2)
2021-03-25 15:39:24,104 [INFO] PluginManage:292 - Check plugin ddr
2021-03-25 15:39:24,122 [INFO] PluginManage:342 - Loaded plugin ddr (category:tool,tabindex:6)
2021-03-25 15:39:24,124 [INFO] PluginManage:292 - Check plugin filemanager
2021-03-25 15:39:24,832 [INFO] PluginManage:342 - Loaded plugin filemanager (category:base,tabindex:10)
2021-03-25 15:39:24,832 [INFO] PluginManage:292 - Check plugin ipmanager
2021-03-25 15:39:24,945 [INFO] PluginManage:342 - Loaded plugin ipmanager (category:base,tabindex:5)
2021-03-25 15:39:24,946 [INFO] PluginManage:292 - Check plugin pinoutandconfiguration
2021-03-25 15:39:25,032 [INFO] PluginManage:342 - Loaded plugin pinoutandconfiguration (category:base,tabindex:1)
2021-03-25 15:39:25,033 [INFO] PluginManage:292 - Check plugin pinoutconfig
2021-03-25 15:39:25,497 [INFO] PluginManage:342 - Loaded plugin pinoutconfig (category:base,tabindex:0)
2021-03-25 15:39:25,499 [INFO] PluginManage:292 - Check plugin power
2021-03-25 15:39:25,581 [INFO] PluginManage:342 - Loaded plugin power (category:power,tabindex:4)
2021-03-25 15:39:25,586 [INFO] PluginManage:292 - Check plugin projectmanager
2021-03-25 15:39:25,712 [INFO] PluginManage:342 - Loaded plugin projectmanager (category:projectmanager,tabindex:3)
2021-03-25 15:39:25,713 [INFO] PluginManage:292 - Check plugin thirdparty
2021-03-25 15:39:26,372 [INFO] PluginManage:342 - Loaded plugin thirdparty (category:base,tabindex:-1)
2021-03-25 15:39:26,373 [INFO] PluginManage:292 - Check plugin tools
2021-03-25 15:39:26,373 [WARN] IntegrityCheckThread:59 - waiting for thirdparty lock release [integrity check]
2021-03-25 15:39:26,376 [INFO] IntegrityCheckThread:61 - entering critical section [integrity check]
2021-03-25 15:39:26,377 [INFO] ThirdPartyUpdaterWithRetryManager:56 - Updater plugin not ready yet. [1/15]
2021-03-25 15:39:26,387 [INFO] PluginManage:342 - Loaded plugin tools (category:base,tabindex:7)
2021-03-25 15:39:26,388 [INFO] PluginManage:292 - Check plugin tutovideos
2021-03-25 15:39:27,436 [INFO] PluginManage:342 - Loaded plugin tutovideos (category:base,tabindex:-1)
2021-03-25 15:39:27,437 [INFO] PluginManage:292 - Check plugin updater
2021-03-25 15:39:27,484 [INFO] PluginManage:342 - Loaded plugin updater (category:base,tabindex:12)
2021-03-25 15:39:27,486 [INFO] PluginManage:265 - PluginManage : Loaded plugins [13]
2021-03-25 15:39:28,593 [INFO] PinOutPanel:1435 - setPackage(No Configuration,No Configuration)
2021-03-25 15:39:29,186 [INFO] IPUIPlugin:64 - create IPUIPlugin
2021-03-25 15:39:29,187 [INFO] PluginManager:203 - loadIPPluginJar : add adc
2021-03-25 15:39:29,199 [INFO] IPUIPlugin:64 - create IPUIPlugin
2021-03-25 15:39:29,200 [INFO] PluginManager:203 - loadIPPluginJar : add aes
2021-03-25 15:39:29,214 [INFO] IPUIPlugin:64 - create IPUIPlugin
2021-03-25 15:39:29,214 [INFO] PluginManager:203 - loadIPPluginJar : add can
2021-03-25 15:39:29,224 [INFO] IPUIPlugin:64 - create IPUIPlugin
2021-03-25 15:39:29,225 [INFO] PluginManager:203 - loadIPPluginJar : add comp
2021-03-25 15:39:29,237 [INFO] IPUIPlugin:64 - create IPUIPlugin
2021-03-25 15:39:29,238 [INFO] PluginManager:203 - loadIPPluginJar : add cryp
2021-03-25 15:39:29,252 [INFO] IPUIPlugin:64 - create IPUIPlugin
2021-03-25 15:39:29,253 [INFO] PluginManager:203 - loadIPPluginJar : add dfsdm
2021-03-25 15:39:29,277 [INFO] IPUIPlugin:64 - create IPUIPlugin
2021-03-25 15:39:29,280 [INFO] PluginManager:203 - loadIPPluginJar : add dma
2021-03-25 15:39:29,289 [INFO] IPUIPlugin:64 - create IPUIPlugin
2021-03-25 15:39:29,290 [INFO] PluginManager:203 - loadIPPluginJar : add fatfs
2021-03-25 15:39:29,310 [INFO] IPUIPlugin:64 - create IPUIPlugin
2021-03-25 15:39:29,310 [INFO] PluginManager:203 - loadIPPluginJar : add fmc
2021-03-25 15:39:29,335 [INFO] IPUIPlugin:64 - create IPUIPlugin
2021-03-25 15:39:29,336 [INFO] PluginManager:203 - loadIPPluginJar : add freertos
2021-03-25 15:39:29,346 [INFO] IPUIPlugin:64 - create IPUIPlugin
2021-03-25 15:39:29,347 [INFO] PluginManager:203 - loadIPPluginJar : add genericplugin
2021-03-25 15:39:29,358 [INFO] IPUIPlugin:64 - create IPUIPlugin
2021-03-25 15:39:29,359 [INFO] PluginManager:203 - loadIPPluginJar : add gfxmmu
2021-03-25 15:39:29,379 [INFO] ThirdPartyUpdaterWithRetryManager:56 - Updater plugin not ready yet. [2/15]
2021-03-25 15:39:29,385 [INFO] IPUIPlugin:64 - create IPUIPlugin
2021-03-25 15:39:29,386 [INFO] PluginManager:203 - loadIPPluginJar : add gic
2021-03-25 15:39:29,405 [INFO] IPUIPlugin:64 - create IPUIPlugin
2021-03-25 15:39:29,406 [INFO] PluginManager:203 - loadIPPluginJar : add gpio
2021-03-25 15:39:29,419 [INFO] IPUIPlugin:64 - create IPUIPlugin
2021-03-25 15:39:29,419 [INFO] PluginManager:203 - loadIPPluginJar : add gtzc
2021-03-25 15:39:29,432 [INFO] IPUIPlugin:64 - create IPUIPlugin
2021-03-25 15:39:29,433 [INFO] PluginManager:203 - loadIPPluginJar : add hash
2021-03-25 15:39:29,446 [INFO] IPUIPlugin:64 - create IPUIPlugin
2021-03-25 15:39:29,447 [INFO] PluginManager:203 - loadIPPluginJar : add i2c
2021-03-25 15:39:29,461 [INFO] IPUIPlugin:64 - create IPUIPlugin
2021-03-25 15:39:29,462 [INFO] PluginManager:203 - loadIPPluginJar : add i2s
2021-03-25 15:39:29,477 [INFO] IPUIPlugin:64 - create IPUIPlugin
2021-03-25 15:39:29,478 [INFO] PluginManager:203 - loadIPPluginJar : add ipddr
2021-03-25 15:39:29,492 [INFO] IPUIPlugin:64 - create IPUIPlugin
2021-03-25 15:39:29,492 [INFO] PluginManager:203 - loadIPPluginJar : add lorawan
2021-03-25 15:39:29,501 [INFO] IPUIPlugin:64 - create IPUIPlugin
2021-03-25 15:39:29,502 [INFO] PluginManager:203 - loadIPPluginJar : add ltdc
2021-03-25 15:39:29,521 [INFO] IPUIPlugin:64 - create IPUIPlugin
2021-03-25 15:39:29,522 [INFO] PluginManager:203 - loadIPPluginJar : add mdma
2021-03-25 15:39:29,539 [INFO] IPUIPlugin:64 - create IPUIPlugin
2021-03-25 15:39:29,540 [INFO] PluginManager:203 - loadIPPluginJar : add nvic
2021-03-25 15:39:29,555 [INFO] IPUIPlugin:64 - create IPUIPlugin
2021-03-25 15:39:29,556 [INFO] PluginManager:203 - loadIPPluginJar : add opamp
2021-03-25 15:39:29,570 [INFO] IPUIPlugin:64 - create IPUIPlugin
2021-03-25 15:39:29,571 [INFO] PluginManager:203 - loadIPPluginJar : add openamp
2021-03-25 15:39:29,587 [INFO] IPUIPlugin:64 - create IPUIPlugin
2021-03-25 15:39:29,588 [INFO] PluginManager:203 - loadIPPluginJar : add pdm2pcm
2021-03-25 15:39:29,618 [INFO] IPUIPlugin:64 - create IPUIPlugin
2021-03-25 15:39:29,628 [INFO] PluginManager:203 - loadIPPluginJar : add plateformsettings
2021-03-25 15:39:29,638 [INFO] IPUIPlugin:64 - create IPUIPlugin
2021-03-25 15:39:29,638 [INFO] PluginManager:203 - loadIPPluginJar : add quadspi
2021-03-25 15:39:29,657 [INFO] IPUIPlugin:64 - create IPUIPlugin
2021-03-25 15:39:29,658 [INFO] PluginManager:203 - loadIPPluginJar : add resmgrutility
2021-03-25 15:39:29,673 [INFO] IPUIPlugin:64 - create IPUIPlugin
2021-03-25 15:39:29,674 [INFO] PluginManager:203 - loadIPPluginJar : add sai
2021-03-25 15:39:29,687 [INFO] IPUIPlugin:64 - create IPUIPlugin
2021-03-25 15:39:29,687 [INFO] PluginManager:203 - loadIPPluginJar : add spi
2021-03-25 15:39:29,706 [INFO] IPUIPlugin:64 - create IPUIPlugin
2021-03-25 15:39:29,707 [INFO] PluginManager:203 - loadIPPluginJar : add stm32_wpan
2021-03-25 15:39:29,717 [INFO] IPUIPlugin:64 - create IPUIPlugin
2021-03-25 15:39:29,717 [INFO] PluginManager:203 - loadIPPluginJar : add tim
2021-03-25 15:39:29,733 [INFO] IPUIPlugin:64 - create IPUIPlugin
2021-03-25 15:39:29,734 [INFO] PluginManager:203 - loadIPPluginJar : add touchsensing
2021-03-25 15:39:29,744 [INFO] IPUIPlugin:64 - create IPUIPlugin
2021-03-25 15:39:29,745 [INFO] PluginManager:203 - loadIPPluginJar : add tracer_emb
2021-03-25 15:39:29,755 [INFO] IPUIPlugin:64 - create IPUIPlugin
2021-03-25 15:39:29,756 [INFO] PluginManager:203 - loadIPPluginJar : add ts
2021-03-25 15:39:29,765 [INFO] IPUIPlugin:64 - create IPUIPlugin
2021-03-25 15:39:29,766 [INFO] PluginManager:203 - loadIPPluginJar : add tsc
2021-03-25 15:39:29,776 [INFO] IPUIPlugin:64 - create IPUIPlugin
2021-03-25 15:39:29,777 [INFO] PluginManager:203 - loadIPPluginJar : add ucpd
2021-03-25 15:39:29,791 [INFO] IPUIPlugin:64 - create IPUIPlugin
2021-03-25 15:39:29,792 [INFO] PluginManager:203 - loadIPPluginJar : add usart
2021-03-25 15:39:30,928 [FATAL] Updater:284 - Updater called before beeing initialized
2021-03-25 15:39:31,495 [FATAL] Updater:284 - Updater called before beeing initialized
2021-03-25 15:39:31,533 [INFO] DbMcusAds:132 - JSON generation date=Mon Mar 01 19:27:39 KST 2021 (1614594459504)
2021-03-25 15:39:31,534 [FATAL] Updater:284 - Updater called before beeing initialized
2021-03-25 15:39:31,687 [WARN] DetailPanel:315 - Failed to get advertising image, set to default
2021-03-25 15:39:32,389 [INFO] ThirdPartyUpdaterWithRetryManager:56 - Updater plugin not ready yet. [3/15]
2021-03-25 15:39:32,668 [FATAL] Updater:284 - Updater called before beeing initialized
2021-03-25 15:39:32,677 [FATAL] Updater:284 - Updater called before beeing initialized
2021-03-25 15:39:32,678 [FATAL] Updater:284 - Updater called before beeing initialized
2021-03-25 15:39:32,678 [WARN] DetailPanel:315 - Failed to get advertising image, set to default
2021-03-25 15:39:32,684 [FATAL] Updater:284 - Updater called before beeing initialized
2021-03-25 15:39:32,975 [FATAL] Updater:284 - Updater called before beeing initialized
2021-03-25 15:39:32,976 [WARN] ThirdParty:796 - waiting for thirdparty lock release [close project]
2021-03-25 15:39:35,394 [FATAL] Updater:284 - Updater called before beeing initialized
2021-03-25 15:39:35,396 [ERROR] AbstractThirdPartyUpdaterManager:153 - class java.lang.Integer cannot be cast to class java.util.List (java.lang.Integer and java.util.List are in module java.base of loader 'bootstrap')
2021-03-25 15:39:35,397 [INFO] ThirdParty:900 - Integrity check success = false
2021-03-25 15:39:35,400 [INFO] IntegrityCheckThread:75 - exiting critical section [integrity check]
2021-03-25 15:39:35,401 [INFO] IntegrityCheckThread:78 - End integrity checks thread
2021-03-25 15:39:35,401 [INFO] ThirdParty:798 - entering critical section [close project]
2021-03-25 15:39:35,414 [INFO] ThirdParty:809 - exiting critical section [close project]
2021-03-25 15:39:35,442 [INFO] PinOutPanel:1435 - setPackage(No Configuration,No Configuration)
2021-03-25 15:39:35,447 [FATAL] Updater:284 - Updater called before beeing initialized
2021-03-25 15:39:35,506 [INFO] Updater:1002 - Updater Version found : 6.2.0
2021-03-25 15:39:35,574 [INFO] ApplicationProperties:181 - Using Application install path: C:\ST\STM32CubeIDE_1.6.0\STM32CubeIDE\plugins\com.st.stm32cube.common.mx_6.2.0.202102191602
2021-03-25 15:39:36,093 [INFO] MainUpdater:2661 - connection check result : 10
2021-03-25 15:39:36,095 [INFO] MainUpdater:255 - Updater Check For Update Now.
2021-03-25 15:39:36,096 [INFO] MicroXplorer:472 - Change Database Version : DB.6.0.20
2021-03-25 15:39:36,279 [INFO] CheckServerUpdateThread:102 - End of CheckServer Thread
2021-03-25 15:39:36,359 [INFO] MainUpdater:2661 - connection check result : 10
2021-03-25 15:39:37,895 [INFO] CrossSelectorPresenter:1330 - Cross Selector saved comparison directory: C:\Users\sungt\.stmcufinder\plugins\mcufinder\mcu\cs_comparisons_mx
2021-03-25 15:39:37,912 [INFO] MultiScanPanel:200 - Auto-refresh data requested => check proxy status ongoing
2021-03-25 15:39:37,923 [INFO] FinderPluginLoader:87 - Searching for filters in installed packs
2021-03-25 15:39:37,927 [INFO] DbMcusXml:100 - Load MCU database from C:\ST\STM32CubeIDE_1.6.0\STM32CubeIDE\plugins\com.st.stm32cube.common.mx_6.2.0.202102191602\\db\/mcu/families.xml
2021-03-25 15:39:41,040 [INFO] DbMcusJson:94 - JSON generation date=Mon Feb 08 22:35:07 KST 2021 (1612791307)
2021-03-25 15:39:44,559 [INFO] DbMcus:175 - Found 1906 MCUs (1866 are supported by CubeMX, 1866 are visible in CubeMX)
2021-03-25 15:39:44,564 [INFO] ApiDb:251 - Load user favorites file C:\Users\sungt/.stm32cubeide/favorites.mcus.txt: 0 item(s)
2021-03-25 15:39:44,565 [INFO] ApiDb:255 - User favorites MCUs=[]
2021-03-25 15:39:44,566 [INFO] DbMcus:187 - Set 0 / 0 favorites MCUs
2021-03-25 15:39:47,669 [INFO] DetailPanel:310 - Set advertising image to C:/Users/sungt/STM32Cube/Repository/\en.PROMOTION_STM32U5_MCU_FINDER.jpg
2021-03-25 15:39:49,863 [INFO] DbBoardsPdsc:90 - Found 24 items
2021-03-25 15:39:49,873 [INFO] DbBoardsPdsc:90 - Found 9 items
2021-03-25 15:39:49,892 [INFO] DbBoardsPdsc:90 - Found 33 items
2021-03-25 15:39:49,901 [INFO] DbBoardsPdsc:90 - Found 1 items
2021-03-25 15:39:49,929 [INFO] DbBoardsPdsc:90 - Found 46 items
2021-03-25 15:39:49,961 [INFO] DbBoardsPdsc:90 - Found 41 items
2021-03-25 15:39:49,969 [INFO] DbBoardsPdsc:90 - Found 2 items
2021-03-25 15:39:49,978 [INFO] DbBoardsPdsc:90 - Found 5 items
2021-03-25 15:39:49,988 [WARN] DbBoardsPdsc:254 - Board NUCLEO-WB15CC: unknown feature type=, name=, username=Three user LEDs, n=1
2021-03-25 15:39:49,989 [WARN] DbBoardsPdsc:254 - Board NUCLEO-WB15CC: unknown feature type=, name=, username=One reset and three user push-buttons, n=1
2021-03-25 15:39:49,989 [WARN] DbBoardsPdsc:254 - Board NUCLEO-WB15CC: unknown feature type=, name=, username=Arduino Uno V3 expansion connector, n=1
2021-03-25 15:39:49,990 [WARN] DbBoardsPdsc:254 - Board NUCLEO-WB15CC: unknown feature type=, name=, username=ST morpho extension pin headers for full access to all STM32WB I/Os, n=1
2021-03-25 15:39:49,990 [WARN] DbBoardsPdsc:254 - Board NUCLEO-WB15CC: unknown feature type=, name=, username=Integrated PCB antenna and SMA connector footprint, n=1
2021-03-25 15:39:49,990 [WARN] DbBoardsPdsc:254 - Board NUCLEO-WB15CC: unknown feature type=, name=, username=Flexible power-supply options: ST-LINK, USB VBUS, or external sources, n=1
2021-03-25 15:39:49,990 [WARN] DbBoardsPdsc:254 - Board NUCLEO-WB15CC: unknown feature type=, name=, username=On-board footprint to mount a CR2032 battery socket, n=1
2021-03-25 15:39:49,991 [WARN] DbBoardsPdsc:254 - Board NUCLEO-WB15CC: unknown feature type=, name=, username=On-board ST-LINK/V2-1 debugger/programmer with USB re-enumeration capability: mass storage, Virtual COM port, and debug port, n=1
2021-03-25 15:39:49,991 [WARN] DbBoardsPdsc:254 - Board NUCLEO-WB15CC: unknown feature type=, name=, username=Comprehensive free software libraries and examples available with the STM32CubeWB MCU Package, n=1
2021-03-25 15:39:49,992 [WARN] DbBoardsPdsc:254 - Board NUCLEO-WB15CC: unknown feature type=, name=, username=Support of a wide choice of Integrated Development Environments (IDEs) including IAR Embedded Workbench, MDK-ARM, STM32CubeIDE, and Mbed Studio, n=1
2021-03-25 15:39:50,000 [WARN] DbBoardsPdsc:254 - Board STM32H7B3I-DK: unknown feature type=Audio, name=, username=Audio stereo codec with Headphone Amp (CS42L51-CNZ), n=1
2021-03-25 15:39:50,001 [WARN] DbBoardsPdsc:254 - Board STM32H735G-DK: unknown feature type=Audio, name=, username=Audio stereo codec with Headphone Amp (WM8994ECS/R), n=1
2021-03-25 15:39:50,003 [WARN] DbBoardsPdsc:254 - Board STM32WB5MM-DK: unknown feature type=, name=, username=Time-of-Flight and gesture-detection sensor, n=1
2021-03-25 15:39:50,003 [WARN] DbBoardsPdsc:254 - Board STM32WB5MM-DK: unknown feature type=, name=, username=3 push-buttons (2 users and 1 reset) and 1 touch key button, n=1
2021-03-25 15:39:50,004 [WARN] DbBoardsPdsc:254 - Board STM32WB5MM-DK: unknown feature type=, name=, username=Flexible power-supply options: ST-LINK/V2-1 USB connector, 5 V delivered by ARDUINO?бу or external connector, USB charger, or USB power, n=1
2021-03-25 15:39:50,005 [WARN] DbBoardsPdsc:254 - Board STM32WB5MM-DK: unknown feature type=, name=, username=On-board ST-LINK/V2-1 debugger/programmer with USB re-enumeration capability: Virtual COM port and debug port, n=1
2021-03-25 15:39:50,005 [WARN] DbBoardsPdsc:254 - Board STM32WB5MM-DK: unknown feature type=, name=, username=Comprehensive free software libraries and examples available with the STM32CubeWB MCU Package, n=1
2021-03-25 15:39:50,006 [WARN] DbBoardsPdsc:254 - Board STM32WB5MM-DK: unknown feature type=, name=, username=Support of a wide choice of Integrated Development Environments (IDEs) including IAR Embedded Workbench?бу, MDK-ARM, and STM32CubeIDE, n=1
2021-03-25 15:39:50,011 [WARN] DbBoardsPdsc:254 - Board STM32H7B3I-EVAL: unknown feature type=Audio, name=, username=Multi-Channel Audio Codec (CS42L51-CNZ), n=1
2021-03-25 15:39:50,012 [WARN] DbBoardsPdsc:254 - Board STM32H7B3I-EVAL: unknown feature type=Meter, name=, username=Power-metering and Temperature-monitoring with sigma-delta modulators, n=1
2021-03-25 15:39:50,013 [WARN] DbBoardsPdsc:254 - Board STM32H7B3I-EVAL: unknown feature type=Motor, name=, username=Motor Control, n=1
2021-03-25 15:39:50,096 [INFO] DbBoardsJson:87 - JSON generation date=Fri Feb 05 01:53:45 KST 2021 (1612457625)
2021-03-25 15:39:50,115 [INFO] DbBoards:117 - Found 161 boards (158 are supported by CubeMX)
2021-03-25 15:39:50,215 [INFO] DbBoardsDocs:143 - JSON generation date=Mon Feb 08 22:35:07 KST 2021 (1612791307)
2021-03-25 15:39:50,285 [INFO] DbBoardsDocs:79 - Found 193 boards documents
2021-03-25 15:39:50,287 [WARN] DbBoards:127 - board B-L462E-CELL1 has no document id list !
2021-03-25 15:39:50,287 [WARN] DbBoards:127 - board B-L475E-IOT01A2 has no document id list !
2021-03-25 15:39:50,290 [WARN] DbBoards:127 - board NUCLEO-G0B1RE has no document id list !
2021-03-25 15:39:50,291 [WARN] DbBoards:127 - board NUCLEO-H743ZI2 has no document id list !
2021-03-25 15:39:50,293 [WARN] DbBoards:127 - board NUCLEO-L4A6ZG has no document id list !
2021-03-25 15:39:50,294 [WARN] DbBoards:127 - board NUCLEO-WB15CC has no document id list !
2021-03-25 15:39:50,295 [WARN] DbBoards:127 - board NUCLEO-WB55RG has no document id list !
2021-03-25 15:39:50,296 [WARN] DbBoards:127 - board NUCLEO-WL55JC2 has no document id list !
2021-03-25 15:39:50,297 [WARN] DbBoards:127 - board P-NUCLEO-WB55-Nucleo has no document id list !
2021-03-25 15:39:50,297 [WARN] DbBoards:127 - board P-NUCLEO-WB55-USBDongle has no document id list !
2021-03-25 15:39:50,298 [WARN] DbBoards:127 - board STEVAL-BFA001V1B has no document id list !
2021-03-25 15:39:50,298 [WARN] DbBoards:127 - board STEVAL-BFA001V2B has no document id list !
2021-03-25 15:39:50,299 [WARN] DbBoards:127 - board STEVAL-IDP005V1 has no document id list !
2021-03-25 15:39:50,300 [WARN] DbBoards:127 - board STEVAL-IDP005V2 has no document id list !
2021-03-25 15:39:50,300 [WARN] DbBoards:127 - board STEVAL-MKSBOX1V1 has no document id list !
2021-03-25 15:39:50,301 [WARN] DbBoards:127 - board STEVAL-STWINKT1 has no document id list !
2021-03-25 15:39:50,301 [WARN] DbBoards:127 - board STEVAL-STWINKT1B has no document id list !
2021-03-25 15:39:50,303 [WARN] DbBoards:127 - board STM32F401C-DISCO has no document id list !
2021-03-25 15:39:50,305 [WARN] DbBoards:127 - board STM32F769I-DISC1 has no document id list !
2021-03-25 15:39:50,306 [WARN] DbBoards:127 - board STM32G0C1E-EV has no document id list !
2021-03-25 15:39:50,307 [WARN] DbBoards:127 - board STM32G474E-EVAL1 has no document id list !
2021-03-25 15:39:50,308 [WARN] DbBoards:127 - board STM32H743I-EVAL2 has no document id list !
2021-03-25 15:39:50,308 [WARN] DbBoards:127 - board STM32H747I-DISC1 has no document id list !
2021-03-25 15:39:50,309 [WARN] DbBoards:127 - board STM32H753I-EVAL2 has no document id list !
2021-03-25 15:39:50,310 [WARN] DbBoards:127 - board STM32L-DISCOVERY has no document id list !
2021-03-25 15:39:50,312 [WARN] DbBoards:127 - board STM32MP157A-DK1 has no document id list !
2021-03-25 15:39:50,313 [WARN] DbBoards:127 - board STM32MP157F-DK2 has no document id list !
2021-03-25 15:39:50,314 [WARN] DbBoards:127 - board STM32MP157F-EV1 has no document id list !
2021-03-25 15:39:50,314 [WARN] DbBoards:127 - board STM32WB5MM-DK has no document id list !
2021-03-25 15:39:56,299 [INFO] ApiDb:242 - User favorites file not found: C:\Users\sungt/.stm32cubeide/favorites.boards.txt
2021-03-25 15:39:56,300 [INFO] DbBoards:206 - Set 0 / 0 favorites Boards
2021-03-25 15:40:52,469 [INFO] DbMcusDocs:143 - JSON generation date=Mon Feb 08 22:35:07 KST 2021 (1612791307)
2021-03-25 15:40:54,733 [INFO] DbMcusDocs:79 - Found 617 MCUs documents
2021-03-25 15:42:59,647 [INFO] ApiDb:276 - Save user favorites file C:\Users\sungt/.stm32cubeide/favorites.mcus.txt: 0 item(s)
2021-03-25 15:42:59,648 [INFO] ApiDb:280 - User favorites MCUs=[]
2021-03-25 18:22:11,001 [INFO] Activator:170 - 


2021-03-25 18:22:11,017 [INFO] Activator:171 - !SESSION log4j initialized
2021-03-26 17:15:10,171 [INFO] Activator:170 - 


2021-03-26 17:15:10,178 [INFO] Activator:171 - !SESSION log4j initialized
2021-04-02 17:54:14,263 [INFO] Activator:170 - 


2021-04-02 17:54:14,273 [INFO] Activator:171 - !SESSION log4j initialized
2021-04-02 17:55:42,299 [INFO] RetryExec:97 - I/O exception (org.apache.http.NoHttpResponseException) caught when processing request to {s}->https://sw-center.st.com:443: The target server failed to respond
2021-04-02 17:55:42,306 [INFO] RetryExec:113 - Retrying request to {s}->https://sw-center.st.com:443
2021-04-07 00:01:20,128 [INFO] Activator:170 - 


2021-04-07 00:01:20,141 [INFO] Activator:171 - !SESSION log4j initialized
2021-04-10 15:54:53,969 [INFO] Activator:170 - 


2021-04-10 15:54:53,976 [INFO] Activator:171 - !SESSION log4j initialized
2021-04-12 00:18:37,325 [INFO] Activator:170 - 


2021-04-12 00:18:37,333 [INFO] Activator:171 - !SESSION log4j initialized
2021-04-12 00:47:37,299 [INFO] Activator:170 - 


2021-04-12 00:47:37,312 [INFO] Activator:171 - !SESSION log4j initialized
2021-04-15 20:40:44,555 [INFO] Activator:170 - 


2021-04-15 20:40:44,563 [INFO] Activator:171 - !SESSION log4j initialized
2021-04-16 01:11:59,069 [INFO] Activator:170 - 


2021-04-16 01:11:59,076 [INFO] Activator:171 - !SESSION log4j initialized
2021-04-16 01:47:15,376 [ERROR] LogOutputStream:74 - [STDERR_REDIRECT] Exception in thread "Serial Ports Filter" java.lang.OutOfMemoryError: Java heap space
2021-04-16 01:58:22,446 [INFO] Activator:170 - 


2021-04-16 01:58:22,454 [INFO] Activator:171 - !SESSION log4j initialized
2021-06-09 14:25:24,338 [INFO] Activator:170 - 


2021-06-09 14:25:24,345 [INFO] Activator:171 - !SESSION log4j initialized
2021-06-10 12:30:52,712 [INFO] Activator:170 - 


2021-06-10 12:30:52,712 [INFO] Activator:171 - !SESSION log4j initialized
2021-06-15 18:25:09,749 [INFO] Activator:170 - 


2021-06-15 18:25:09,757 [INFO] Activator:171 - !SESSION log4j initialized
